<?xml version="1.0" encoding="UTF-8"?>
<coverage generated="1419632961">
  <project timestamp="1419632961">
    <package name="ULogin">
      <file name="/var/www/phalcon-devtools/phalcon.local/vendor/stanislav-web/phalcon-ulogin/src/ULogin/Auth.php">
        <class name="Auth" namespace="ULogin" fullPackage="ULogin" package="ULogin">
          <metrics methods="4" coveredmethods="4" conditionals="0" coveredconditionals="0" statements="25" coveredstatements="25" elements="29" coveredelements="29"/>
        </class>
        <line num="39" type="method" name="__construct" crap="4" count="2"/>
        <line num="41" type="stmt" count="2"/>
        <line num="42" type="stmt" count="1"/>
        <line num="45" type="stmt" count="2"/>
        <line num="46" type="stmt" count="1"/>
        <line num="49" type="stmt" count="2"/>
        <line num="51" type="stmt" count="1"/>
        <line num="52" type="stmt" count="1"/>
        <line num="54" type="stmt" count="1"/>
        <line num="57" type="stmt" count="2"/>
        <line num="58" type="stmt" count="2"/>
        <line num="65" type="method" name="hasSession" crap="3" count="2"/>
        <line num="67" type="stmt" count="2"/>
        <line num="70" type="stmt" count="2"/>
        <line num="72" type="stmt" count="2"/>
        <line num="73" type="stmt" count="1"/>
        <line num="74" type="stmt" count="1"/>
        <line num="76" type="stmt" count="2"/>
        <line num="79" type="stmt" count="1"/>
        <line num="92" type="method" name="getUser" crap="2" count="1"/>
        <line num="94" type="stmt" count="1"/>
        <line num="96" type="stmt" count="1"/>
        <line num="97" type="stmt" count="1"/>
        <line num="98" type="stmt" count="1"/>
        <line num="100" type="stmt" count="1"/>
        <line num="108" type="method" name="logout" crap="1" count="1"/>
        <line num="109" type="stmt" count="1"/>
        <line num="110" type="stmt" count="1"/>
        <line num="112" type="stmt" count="1"/>
        <metrics loc="114" ncloc="66" classes="1" methods="4" coveredmethods="4" conditionals="0" coveredconditionals="0" statements="25" coveredstatements="25" elements="29" coveredelements="29"/>
      </file>
      <file name="/var/www/phalcon-devtools/phalcon.local/vendor/stanislav-web/phalcon-ulogin/src/ULogin/Init.php">
        <class name="Init" namespace="ULogin" fullPackage="ULogin" package="ULogin">
          <metrics methods="12" coveredmethods="3" conditionals="0" coveredconditionals="0" statements="87" coveredstatements="48" elements="99" coveredelements="51"/>
        </class>
        <line num="95" type="method" name="__construct" crap="4" count="2"/>
        <line num="97" type="stmt" count="2"/>
        <line num="99" type="stmt" count="1"/>
        <line num="101" type="stmt" count="1"/>
        <line num="102" type="stmt" count="1"/>
        <line num="103" type="stmt" count="1"/>
        <line num="104" type="stmt" count="1"/>
        <line num="106" type="stmt" count="1"/>
        <line num="107" type="stmt" count="2"/>
        <line num="130" type="method" name="setProviders" crap="3" count="1"/>
        <line num="132" type="stmt" count="1"/>
        <line num="135" type="stmt" count="1"/>
        <line num="136" type="stmt" count="1"/>
        <line num="137" type="stmt" count="1"/>
        <line num="139" type="stmt" count="1"/>
        <line num="140" type="stmt" count="1"/>
        <line num="141" type="stmt" count="1"/>
        <line num="143" type="stmt" count="1"/>
        <line num="161" type="method" name="setFields" crap="3.21" count="1"/>
        <line num="164" type="stmt" count="1"/>
        <line num="166" type="stmt" count="1"/>
        <line num="167" type="stmt" count="0"/>
        <line num="168" type="stmt" count="0"/>
        <line num="169" type="stmt" count="1"/>
        <line num="172" type="stmt" count="1"/>
        <line num="174" type="stmt" count="1"/>
        <line num="192" type="method" name="setOptional" crap="3.21" count="1"/>
        <line num="195" type="stmt" count="1"/>
        <line num="197" type="stmt" count="1"/>
        <line num="198" type="stmt" count="0"/>
        <line num="199" type="stmt" count="0"/>
        <line num="200" type="stmt" count="1"/>
        <line num="203" type="stmt" count="1"/>
        <line num="205" type="stmt" count="1"/>
        <line num="218" type="method" name="setType" crap="3.14" count="1"/>
        <line num="220" type="stmt" count="1"/>
        <line num="221" type="stmt" count="0"/>
        <line num="222" type="stmt" count="0"/>
        <line num="224" type="stmt" count="1"/>
        <line num="225" type="stmt" count="1"/>
        <line num="227" type="stmt" count="1"/>
        <line num="229" type="stmt" count="1"/>
        <line num="231" type="stmt" count="1"/>
        <line num="242" type="method" name="setUrl" crap="3.79" count="1"/>
        <line num="244" type="stmt" count="1"/>
        <line num="245" type="stmt" count="0"/>
        <line num="246" type="stmt" count="0"/>
        <line num="248" type="stmt" count="1"/>
        <line num="250" type="stmt" count="1"/>
        <line num="252" type="stmt" count="0"/>
        <line num="253" type="stmt" count="0"/>
        <line num="254" type="stmt" count="1"/>
        <line num="257" type="stmt" count="1"/>
        <line num="265" type="method" name="destroyUserData" crap="3.33" count="1"/>
        <line num="268" type="stmt" count="1"/>
        <line num="269" type="stmt" count="1"/>
        <line num="270" type="stmt" count="1"/>
        <line num="271" type="stmt" count="0"/>
        <line num="272" type="stmt" count="0"/>
        <line num="274" type="stmt" count="1"/>
        <line num="282" type="method" name="getToken" crap="3.71" count="1"/>
        <line num="285" type="stmt" count="1"/>
        <line num="287" type="stmt" count="1"/>
        <line num="288" type="stmt" count="0"/>
        <line num="289" type="stmt" count="1"/>
        <line num="290" type="stmt" count="0"/>
        <line num="291" type="stmt" count="0"/>
        <line num="293" type="stmt" count="1"/>
        <line num="306" type="method" name="getUser" crap="12" count="0"/>
        <line num="310" type="stmt" count="0"/>
        <line num="312" type="stmt" count="0"/>
        <line num="316" type="stmt" count="0"/>
        <line num="317" type="stmt" count="0"/>
        <line num="318" type="stmt" count="0"/>
        <line num="321" type="stmt" count="0"/>
        <line num="322" type="stmt" count="0"/>
        <line num="323" type="stmt" count="0"/>
        <line num="324" type="stmt" count="0"/>
        <line num="326" type="stmt" count="0"/>
        <line num="334" type="method" name="isAuthorised" crap="12" count="0"/>
        <line num="337" type="stmt" count="0"/>
        <line num="338" type="stmt" count="0"/>
        <line num="339" type="stmt" count="0"/>
        <line num="341" type="stmt" count="0"/>
        <line num="344" type="stmt" count="0"/>
        <line num="352" type="method" name="logout" crap="1" count="1"/>
        <line num="355" type="stmt" count="1"/>
        <line num="356" type="stmt" count="1"/>
        <line num="358" type="stmt" count="1"/>
        <line num="367" type="method" name="getForm" crap="2" count="0"/>
        <line num="370" type="stmt" count="0"/>
        <line num="372" type="stmt" count="0"/>
        <line num="373" type="stmt" count="0"/>
        <line num="374" type="stmt" count="0"/>
        <line num="375" type="stmt" count="0"/>
        <line num="376" type="stmt" count="0"/>
        <line num="377" type="stmt" count="0"/>
        <line num="378" type="stmt" count="0"/>
        <line num="379" type="stmt" count="0"/>
        <metrics loc="382" ncloc="209" classes="1" methods="12" coveredmethods="3" conditionals="0" coveredconditionals="0" statements="87" coveredstatements="48" elements="99" coveredelements="51"/>
      </file>
      <file name="/var/www/phalcon-devtools/phalcon.local/vendor/stanislav-web/phalcon-ulogin/src/ULogin/Parser.php">
        <class name="Parser" namespace="ULogin" fullPackage="ULogin" package="ULogin">
          <metrics methods="5" coveredmethods="5" conditionals="0" coveredconditionals="0" statements="31" coveredstatements="31" elements="36" coveredelements="36"/>
        </class>
        <line num="23" type="method" name="map" crap="2" count="2"/>
        <line num="25" type="stmt" count="2"/>
        <line num="27" type="stmt" count="2"/>
        <line num="28" type="stmt" count="2"/>
        <line num="30" type="stmt" count="2"/>
        <line num="34" type="stmt" count="2"/>
        <line num="44" type="method" name="arrayResolve" crap="3" count="2"/>
        <line num="47" type="stmt" count="2"/>
        <line num="49" type="stmt" count="2"/>
        <line num="51" type="stmt" count="2"/>
        <line num="53" type="stmt" count="2"/>
        <line num="55" type="stmt" count="2"/>
        <line num="58" type="stmt" count="2"/>
        <line num="61" type="stmt" count="2"/>
        <line num="63" type="stmt" count="2"/>
        <line num="73" type="method" name="stringResolve" crap="1" count="2"/>
        <line num="76" type="stmt" count="2"/>
        <line num="78" type="stmt" count="2"/>
        <line num="80" type="stmt" count="2"/>
        <line num="90" type="method" name="separate" crap="4" count="2"/>
        <line num="92" type="stmt" count="2"/>
        <line num="94" type="stmt" count="2"/>
        <line num="96" type="stmt" count="2"/>
        <line num="97" type="stmt" count="2"/>
        <line num="98" type="stmt" count="2"/>
        <line num="100" type="stmt" count="1"/>
        <line num="101" type="stmt" count="1"/>
        <line num="102" type="stmt" count="1"/>
        <line num="103" type="stmt" count="1"/>
        <line num="106" type="stmt" count="2"/>
        <line num="108" type="stmt" count="2"/>
        <line num="120" type="method" name="isDelim" crap="2" count="2"/>
        <line num="122" type="stmt" count="2"/>
        <line num="124" type="stmt" count="1"/>
        <line num="126" type="stmt" count="1"/>
        <line num="129" type="stmt" count="2"/>
        <metrics loc="132" ncloc="87" classes="1" methods="5" coveredmethods="5" conditionals="0" coveredconditionals="0" statements="31" coveredstatements="31" elements="36" coveredelements="36"/>
      </file>
    </package>
    <metrics files="3" loc="628" ncloc="362" classes="3" methods="21" coveredmethods="12" conditionals="0" coveredconditionals="0" statements="143" coveredstatements="104" elements="164" coveredelements="116"/>
  </project>
</coverage>
